[00:01:57] [Server thread/INFO]: Sammy757z has made the advancement [Suit Up]
[00:01:59] [Server thread/INFO]: [Jobelmax757: The difficulty has been set to Normal]
[00:01:59] [Server thread/INFO]: Sammy757z has made the advancement [Isn't It Iron Pick]
[00:02:12] [Server thread/INFO]: TavyronTujax has made the advancement [Monster Hunter]
[00:02:26] [Server thread/INFO]: malefumacrack has made the advancement [Sweet Dreams]
[00:02:35] [Server thread/INFO]: Jobelmax757 has made the advancement [Sweet Dreams]
[00:03:07] [Server thread/INFO]: Sammy757z has made the advancement [Sweet Dreams]
[00:03:33] [Server thread/INFO]: Villager cev['Villager'/2536, l='ServerLevel[world]', x=-294.45, y=89.06, z=-39.30] died, message: 'Villager was slain by Zombie'
[00:04:25] [Server thread/INFO]: TavyronTujax has made the advancement [Suit Up]
[00:04:54] [Server thread/INFO]: TavyronTujax lost connection: Timed out
[00:04:54] [Server thread/INFO]: TavyronTujax left the game
[00:05:32] [Server thread/INFO]: com.mojang.authlib.GameProfile@69894b57[id=12bff655-81de-35e9-ba5b-a984b05b1f6a,name=TavyronTujax,properties={}] lost connection: Timed out
[00:06:19] [Server thread/INFO]: com.mojang.authlib.GameProfile@45af0a78[id=12bff655-81de-35e9-ba5b-a984b05b1f6a,name=TavyronTujax,properties={}] lost connection: Timed out
[00:07:07] [Server thread/INFO]: com.mojang.authlib.GameProfile@49b6bb1c[id=12bff655-81de-35e9-ba5b-a984b05b1f6a,name=TavyronTujax,properties={}] lost connection: Timed out
[00:07:14] [Server thread/INFO]: TavyronTujax[/[0:0:0:0:0:0:0:1%0]:37706] logged in with entity id 7316 at (153.5217202784434, 140.0, -84.3187004674053)
[00:07:14] [Server thread/INFO]: TavyronTujax joined the game
[00:07:43] [Server thread/INFO]: [Not Secure] <Sammy757z> duerman
[00:07:49] [Server thread/INFO]: [Not Secure] <Sammy757z> duerman
[00:07:55] [Server thread/INFO]: malefumacrack has made the advancement [Monster Hunter]
[00:07:58] [Server thread/INFO]: [Not Secure] <Sammy757z> duerman
[00:08:03] [Server thread/INFO]: [Not Secure] <Sammy757z> duerman
[00:08:08] [Server thread/INFO]: [Not Secure] <Sammy757z> duerman
[00:08:11] [Server thread/INFO]: [Not Secure] <Sammy757z> duerman
[00:08:15] [Server thread/INFO]: [Not Secure] <Sammy757z> duermn
[00:08:19] [Server thread/INFO]: [Not Secure] <Sammy757z> duerman
